Arguments: 
  c:\program files\nodejs\node.exe c:\Program Files (x86)\Yarn\bin\yarn.js

PATH: 
  c:\program files\nvidia gpu computing toolkit\cuda\v10.1\bin;c:\program files\nvidia gpu computing toolkit\cuda\v10.1\libnvvp;;c:\program files (x86)\common files\oracle\java\javapath;c:\programdata\oracle\java\javapath;c:\windows\system32;c:\windows;c:\windows\system32\wbem;c:\windows\system32\windowspowershell\v1.0\;c:\program files (x86)\nvidia corporation\physx\common;c:\program files\putty\;c:\windows\system32;c:\windows;c:\windows\system32\wbem;c:\windows\system32\windowspowershell\v1.0\;c:\windows\system32\openssh\;c:\program files (x86)\yarn\bin\;f:\git\cmd;c:\program files\microsoft vs code\bin;c:\windows\system32;c:\windows;c:\windows\system32\wbem;c:\windows\system32\windowspowershell\v1.0\;c:\windows\system32\openssh\;c:\program files\nodejs\;c:\program files\powershell\6\;c:\program files\dotnet\;c:\users\tom\appdata\local\packages\pythonsoftwarefoundation.python.3.7_qbz5n2kfra8p0\localcache\local-packages\python37\scripts;c:\program files\nvidia corporation\nsight compute 2019.4.0\;c:\program files\nvidia gpu computing toolkit\cuda\v10.1\include;c:\program files\nvidia gpu computing toolkit\cuda\v10.1\extras\cupti\lib64;c:\program files\nvidia gpu computing toolkit\cuda\v10.1\bin\cudart64_101.dll;;c:\program files\nvidia corporation\nvidia nvdlisr;C:\Program Files\Microsoft VS Code\bin;C:\Users\Tom\AppData\Local\Microsoft\WindowsApps;C:\Users\Tom\AppData\Local\GitHubDesktop\bin;C:\Program Files\Microsoft VS Code\bin;C:\Users\Tom\AppData\Local\Microsoft\WindowsApps;C:\Users\Tom\AppData\Local\Yarn\bin;c:\UsersTom\AppData\Local\Android\Sdk\platform-tools;C:\Users\Tom\AppData\Roaming\npm;

Yarn version: 
  1.13.0

Node version: 
  12.13.0

Platform: 
  win32 x64

Trace: 
  SyntaxError: F:\GitHub\WebRTC-Multi-Peer-Video-Audio\server\package.json: Unexpected token } in JSON at position 143
      at JSON.parse (<anonymous>)
      at c:\Program Files (x86)\Yarn\lib\cli.js:1625:59
      at Generator.next (<anonymous>)
      at step (c:\Program Files (x86)\Yarn\lib\cli.js:304:30)
      at c:\Program Files (x86)\Yarn\lib\cli.js:315:13

npm manifest: 
  {
    "name": "application-name",
    "version": "0.0.1",
    "private": true,
    "dependencies": {
      "express": "2.5.8",
      "jade": ">= 0.0.1",
    },
    "devDependencies": {
      "http": "0.0.0",
      "socket.io": "^1.7.3"
    }
  }

yarn manifest: 
  No manifest

Lockfile: 
  No lockfile
